<?xml version="1.0" encoding="UTF-8"?>
<!-- Generated by org.testng.reporters.JUnitReportReporter -->
<testsuite hostname="LAPTOP-3V479FCO" failures="0" tests="1" name="com.assessment.MedicalRecord" time="82.723" errors="0" timestamp="2023-05-21T10:59:10 IST" skipped="0">
  <testcase classname="com.assessment.MedicalRecord" name="medical" time="82.723"/>
  <system-out/>
</testsuite> <!-- com.assessment.MedicalRecord -->
