<?xml version="1.0" encoding="UTF-8"?>
<!-- Generated by org.testng.reporters.JUnitReportReporter -->
<testsuite hostname="LAPTOP-3V479FCO" failures="0" tests="29" name="com.assessment.PatientMedicalRecord" time="72.406" errors="0" timestamp="2023-05-22T12:47:10 IST" skipped="0">
  <testcase classname="com.assessment.PatientMedicalRecord" name="test1" time="3.694"/>
  <system-out/>
  <testcase classname="com.assessment.PatientMedicalRecord" name="test2" time="0.474"/>
  <system-out/>
  <testcase classname="com.assessment.PatientMedicalRecord" name="test3" time="2.381"/>
  <system-out/>
  <testcase classname="com.assessment.PatientMedicalRecord" name="test4" time="0.223"/>
  <system-out/>
  <testcase classname="com.assessment.PatientMedicalRecord" name="test5" time="5.086"/>
  <system-out/>
  <testcase classname="com.assessment.PatientMedicalRecord" name="test6" time="1.786"/>
  <system-out/>
  <testcase classname="com.assessment.PatientMedicalRecord" name="test7" time="0.890"/>
  <system-out/>
  <testcase classname="com.assessment.PatientMedicalRecord" name="test8" time="5.380"/>
  <system-out/>
  <testcase classname="com.assessment.PatientMedicalRecord" name="test9" time="0.619"/>
  <system-out/>
  <testcase classname="com.assessment.PatientMedicalRecord" name="test10" time="16.971"/>
  <system-out/>
  <testcase classname="com.assessment.PatientMedicalRecord" name="test11" time="0.364"/>
  <system-out/>
  <testcase classname="com.assessment.PatientMedicalRecord" name="test12" time="1.987"/>
  <system-out/>
  <testcase classname="com.assessment.PatientMedicalRecord" name="test13" time="1.093"/>
  <system-out/>
  <testcase classname="com.assessment.PatientMedicalRecord" name="test14" time="0.231"/>
  <system-out/>
  <testcase classname="com.assessment.PatientMedicalRecord" name="test15" time="0.382"/>
  <system-out/>
  <testcase classname="com.assessment.PatientMedicalRecord" name="test16" time="8.074"/>
  <system-out/>
  <testcase classname="com.assessment.PatientMedicalRecord" name="test17" time="0.687"/>
  <system-out/>
  <testcase classname="com.assessment.PatientMedicalRecord" name="test18" time="0.332"/>
  <system-out/>
  <testcase classname="com.assessment.PatientMedicalRecord" name="test19" time="6.755"/>
  <system-out/>
  <testcase classname="com.assessment.PatientMedicalRecord" name="test20" time="0.677"/>
  <system-out/>
  <testcase classname="com.assessment.PatientMedicalRecord" name="test21" time="0.312"/>
  <system-out/>
  <testcase classname="com.assessment.PatientMedicalRecord" name="test22" time="3.521"/>
  <system-out/>
  <testcase classname="com.assessment.PatientMedicalRecord" name="test23" time="2.170"/>
  <system-out/>
  <testcase classname="com.assessment.PatientMedicalRecord" name="test24" time="1.087"/>
  <system-out/>
  <testcase classname="com.assessment.PatientMedicalRecord" name="test25" time="0.506"/>
  <system-out/>
  <testcase classname="com.assessment.PatientMedicalRecord" name="test26" time="0.364"/>
  <system-out/>
  <testcase classname="com.assessment.PatientMedicalRecord" name="test27" time="0.499"/>
  <system-out/>
  <testcase classname="com.assessment.PatientMedicalRecord" name="test28" time="0.830"/>
  <system-out/>
  <testcase classname="com.assessment.PatientMedicalRecord" name="test29" time="5.031"/>
  <system-out/>
</testsuite> <!-- com.assessment.PatientMedicalRecord -->
